13:30:21.649 [main] INFO  TestCases.TS_01Bikes - URL Opened Successfully
13:30:27.048 [main] INFO  TestCases.TS_01Bikes - Getting the Table Information 
13:33:31.580 [main] INFO  TestCases.TS_02Cars - URL Opened Successfully
13:33:35.123 [main] INFO  TestCases.TS_02Cars - Geeting the Popular Models
13:33:40.848 [main] INFO  TestCases.TS_03SignUp - URL Opened Successfully
13:33:41.285 [main] INFO  TestCases.TS_03SignUp - Getting into the Login
13:33:41.438 [main] INFO  TestCases.TS_03SignUp - Redirect into the google Window
13:41:09.748 [main] INFO  TestCases.TS_01Bikes - URL Opened Successfully
13:41:11.409 [main] INFO  TestCases.TS_01Bikes - Getting the Table Information 
13:42:50.264 [main] INFO  TestCases.TS_02Cars - URL Opened Successfully
13:42:57.530 [main] INFO  TestCases.TS_02Cars - Geeting the Popular Models
13:43:07.577 [main] INFO  TestCases.TS_03SignUp - URL Opened Successfully
13:43:08.067 [main] INFO  TestCases.TS_03SignUp - Getting into the Login
13:43:08.334 [main] INFO  TestCases.TS_03SignUp - Redirect into the google Window
13:58:37.705 [main] INFO  TestCases.TS_01Bikes - URL Opened Successfully
13:58:41.701 [main] INFO  TestCases.TS_01Bikes - Getting the Table Information 
14:00:18.008 [main] INFO  TestCases.TS_02Cars - URL Opened Successfully
14:00:21.051 [main] INFO  TestCases.TS_02Cars - Geeting the Popular Models
14:00:27.818 [main] INFO  TestCases.TS_03SignUp - URL Opened Successfully
14:00:28.349 [main] INFO  TestCases.TS_03SignUp - Getting into the Login
14:00:28.729 [main] INFO  TestCases.TS_03SignUp - Redirect into the google Window
14:06:48.949 [main] INFO  TestCases.TS_01Bikes - URL Opened Successfully
14:06:51.008 [main] INFO  TestCases.TS_01Bikes - Getting the Table Information 
14:08:25.722 [main] INFO  TestCases.TS_02Cars - URL Opened Successfully
14:08:28.412 [main] INFO  TestCases.TS_02Cars - Geeting the Popular Models
14:08:34.937 [main] INFO  TestCases.TS_03SignUp - URL Opened Successfully
14:08:35.393 [main] INFO  TestCases.TS_03SignUp - Getting into the Login
14:08:35.554 [main] INFO  TestCases.TS_03SignUp - Redirect into the google Window
18:48:44.198 [main] INFO  TestCases.TS_01Bikes - URL Opened Successfully
18:48:49.290 [main] INFO  TestCases.TS_01Bikes - Getting the Table Information 
18:54:20.678 [main] INFO  TestCases.TS_01Bikes - URL Opened Successfully
18:54:30.974 [main] INFO  TestCases.TS_01Bikes - Getting the Table Information 
18:56:13.038 [main] INFO  TestCases.TS_02Cars - URL Opened Successfully
18:56:18.074 [main] INFO  TestCases.TS_02Cars - Geeting the Popular Models
18:56:28.232 [main] INFO  TestCases.TS_03SignUp - URL Opened Successfully
18:56:29.586 [main] INFO  TestCases.TS_03SignUp - Getting into the Login
18:56:30.170 [main] INFO  TestCases.TS_03SignUp - Redirect into the google Window
21:56:17.703 [main] INFO  TestCases.TS_01Bikes - URL Opened Successfully
21:58:24.421 [main] INFO  TestCases.TS_01Bikes - URL Opened Successfully
21:58:26.338 [main] INFO  TestCases.TS_01Bikes - Getting the Table Information 
22:00:23.003 [main] INFO  TestCases.TS_02Cars - URL Opened Successfully
22:00:31.573 [main] INFO  TestCases.TS_02Cars - Geeting the Popular Models
22:00:59.899 [main] INFO  TestCases.TS_03SignUp - URL Opened Successfully
22:01:00.473 [main] INFO  TestCases.TS_03SignUp - Getting into the Login
22:01:01.012 [main] INFO  TestCases.TS_03SignUp - Redirect into the google Window
22:05:08.570 [main] INFO  TestCases.TS_01Bikes - URL Opened Successfully
22:05:10.476 [main] INFO  TestCases.TS_01Bikes - Getting the Table Information 
22:13:15.676 [main] INFO  TestCases.TS_01Bikes - URL Opened Successfully
22:13:48.176 [main] INFO  TestCases.TS_01Bikes - Getting the Table Information 
22:16:10.212 [main] INFO  TestCases.TS_02Cars - URL Opened Successfully
22:16:43.837 [main] INFO  TestCases.TS_02Cars - Geeting the Popular Models
22:17:38.606 [main] INFO  TestCases.TS_03SignUp - URL Opened Successfully
11:26:52.253 [main] INFO  TestCases.TS_01Bikes - URL Opened Successfully
11:28:44.278 [main] INFO  TestCases.TS_03SignUp - URL Opened Successfully
11:28:44.689 [main] INFO  TestCases.TS_03SignUp - Getting into the Login
11:28:45.402 [main] INFO  TestCases.TS_03SignUp - Redirect into the google Window
11:30:02.932 [main] INFO  TestCases.TS_01Bikes - URL Opened Successfully
11:30:25.569 [main] INFO  TestCases.TS_01Bikes - Getting the Table Information 
11:46:03.807 [main] INFO  TestCases.TS_01Bikes - URL Opened Successfully
11:50:28.561 [main] INFO  TestCases.TS_01Bikes - URL Opened Successfully
11:51:14.240 [main] INFO  TestCases.TS_01Bikes - Getting the Table Information 
11:52:53.706 [main] INFO  TestCases.TS_02Cars - URL Opened Successfully
11:53:14.519 [main] INFO  TestCases.TS_02Cars - Geeting the Popular Models
11:53:45.365 [main] INFO  TestCases.TS_03SignUp - URL Opened Successfully
11:53:45.687 [main] INFO  TestCases.TS_03SignUp - Getting into the Login
11:53:46.392 [main] INFO  TestCases.TS_03SignUp - Redirect into the google Window
